<?xml version="1.0" encoding="UTF-8"?>
<!-- Generated by org.testng.reporters.JUnitXMLReporter -->
<testsuite ignored="0" hostname="DESKTOP-EC1SC6K" failures="1" tests="11" name="Test" time="65.779" errors="0" timestamp="2022-03-20T18:25:38 WAT">
  <testcase classname="demoblaze.AboutUsTest" name="@AfterTest TearDown" time="4.271">
    <failure type="org.openqa.selenium.WebDriverException" message="chrome not reachable
  (Session info: chrome=99.0.4844.74)
Build info: version: &amp;apos;3.10.0&amp;apos;, revision: &amp;apos;176b4a9&amp;apos;, time: &amp;apos;2018-03-02T19:03:16.397Z&amp;apos;
System info: host: &amp;apos;DESKTOP-EC1SC6K&amp;apos;, ip: &amp;apos;192.168.43.189&amp;apos;, os.name: &amp;apos;Windows 10&amp;apos;, os.arch: &amp;apos;amd64&amp;apos;, os.version: &amp;apos;10.0&amp;apos;, java.version: &amp;apos;17.0.1&amp;apos;
Driver info: org.openqa.selenium.chrome.ChromeDriver
Capabilities {acceptInsecureCerts: false, browserName: chrome, browserVersion: 99.0.4844.74, chrome: {chromedriverVersion: 99.0.4844.51 (d537ec02474b5..., userDataDir: C:\Users\SBSC\AppData\Local...}, goog:chromeOptions: {debuggerAddress: localhost:56435}, javascriptEnabled: true, networkConnectionEnabled: false, pageLoadStrategy: normal, platform: WINDOWS, platformName: WINDOWS, proxy: Proxy(), setWindowRect: true, strictFileInteractability: false, timeouts: {implicit: 0, pageLoad: 300000, script: 30000}, unhandledPromptBehavior: dismiss and notify, webauthn:extension:credBlob: true, webauthn:extension:largeBlob: true, webauthn:virtualAuthenticators: true}
Session ID: 3a0ce4b9529d00ed63a552493a9483d5">
      <![CDATA[org.openqa.selenium.WebDriverException: chrome not reachable
  (Session info: chrome=99.0.4844.74)
Build info: version: '3.10.0', revision: '176b4a9', time: '2018-03-02T19:03:16.397Z'
System info: host: 'DESKTOP-EC1SC6K', ip: '192.168.43.189', os.name: 'Windows 10', os.arch: 'amd64', os.version: '10.0', java.version: '17.0.1'
Driver info: org.openqa.selenium.chrome.ChromeDriver
Capabilities {acceptInsecureCerts: false, browserName: chrome, browserVersion: 99.0.4844.74, chrome: {chromedriverVersion: 99.0.4844.51 (d537ec02474b5..., userDataDir: C:\Users\SBSC\AppData\Local...}, goog:chromeOptions: {debuggerAddress: localhost:56435}, javascriptEnabled: true, networkConnectionEnabled: false, pageLoadStrategy: normal, platform: WINDOWS, platformName: WINDOWS, proxy: Proxy(), setWindowRect: true, strictFileInteractability: false, timeouts: {implicit: 0, pageLoad: 300000, script: 30000}, unhandledPromptBehavior: dismiss and notify, webauthn:extension:credBlob: true, webauthn:extension:largeBlob: true, webauthn:virtualAuthenticators: true}
Session ID: 3a0ce4b9529d00ed63a552493a9483d5
at org.openqa.selenium.remote.http.W3CHttpResponseCodec.createException(W3CHttpResponseCodec.java:187)
at org.openqa.selenium.remote.http.W3CHttpResponseCodec.decode(W3CHttpResponseCodec.java:122)
at org.openqa.selenium.remote.http.W3CHttpResponseCodec.decode(W3CHttpResponseCodec.java:49)
at org.openqa.selenium.remote.HttpCommandExecutor.execute(HttpCommandExecutor.java:160)
at org.openqa.selenium.remote.service.DriverCommandExecutor.execute(DriverCommandExecutor.java:83)
at org.openqa.selenium.remote.RemoteWebDriver.execute(RemoteWebDriver.java:601)
at org.openqa.selenium.remote.RemoteWebDriver.execute(RemoteWebDriver.java:658)
at org.openqa.selenium.remote.RemoteWebDriver.close(RemoteWebDriver.java:487)
at demoblaze.AboutUsTest.TearDown(AboutUsTest.java:36)
... Removed 29 stack frames]]>
    </failure>
  </testcase> <!-- @AfterTest TearDown -->
  <testcase classname="demoblaze.CheckoutTest" name="@AfterTest TearDown" time="-1.647797138417E9">
    <skipped/>
  </testcase> <!-- @AfterTest TearDown -->
  <testcase classname="demoblaze.ContactTest" name="@AfterTest TearDown" time="-1.647797138418E9">
    <skipped/>
  </testcase> <!-- @AfterTest TearDown -->
  <testcase classname="demoblaze.HomeTest" name="@AfterTest TearDown" time="-1.647797138419E9">
    <skipped/>
  </testcase> <!-- @AfterTest TearDown -->
  <testcase classname="demoblaze.LoginTest" name="@AfterTest TearDown" time="-1.64779713842E9">
    <skipped/>
  </testcase> <!-- @AfterTest TearDown -->
  <testcase classname="demoblaze.ProductDetailTest" name="@AfterTest TearDown" time="-1.64779713842E9">
    <skipped/>
  </testcase> <!-- @AfterTest TearDown -->
  <testcase classname="demoblaze.ShoppingCartTest" name="@AfterTest TearDown" time="-1.647797138421E9">
    <skipped/>
  </testcase> <!-- @AfterTest TearDown -->
  <testcase classname="demoblaze.SignUpTest" name="@AfterTest TearDown" time="-1.647797138422E9">
    <skipped/>
  </testcase> <!-- @AfterTest TearDown -->
  <testcase classname="demoblaze.SignUpTest" name="InvalidSignUp" time="1.549"/>
  <testcase classname="demoblaze.SignUpTest" name="ValidSignUp" time="0.963"/>
  <testcase classname="demoblaze.ContactTest" name="ContactUs" time="0.969"/>
  <testcase classname="demoblaze.AboutUsTest" name="PlayVideo" time="0.628"/>
  <testcase classname="demoblaze.LoginTest" name="InvalidLogin" time="2.385"/>
  <testcase classname="demoblaze.LoginTest" name="ValidLogin" time="0.069">
    <failure type="org.openqa.selenium.UnhandledAlertException" message="unexpected alert open: {Alert text : User does not exist.}
  (Session info: chrome=99.0.4844.74): User does not exist.
Build info: version: &amp;apos;3.10.0&amp;apos;, revision: &amp;apos;176b4a9&amp;apos;, time: &amp;apos;2018-03-02T19:03:16.397Z&amp;apos;
System info: host: &amp;apos;DESKTOP-EC1SC6K&amp;apos;, ip: &amp;apos;192.168.43.189&amp;apos;, os.name: &amp;apos;Windows 10&amp;apos;, os.arch: &amp;apos;amd64&amp;apos;, os.version: &amp;apos;10.0&amp;apos;, java.version: &amp;apos;17.0.1&amp;apos;
Driver info: org.openqa.selenium.chrome.ChromeDriver
Capabilities {acceptInsecureCerts: false, browserName: chrome, browserVersion: 99.0.4844.74, chrome: {chromedriverVersion: 99.0.4844.51 (d537ec02474b5..., userDataDir: C:\Users\SBSC\AppData\Local...}, goog:chromeOptions: {debuggerAddress: localhost:56513}, javascriptEnabled: true, networkConnectionEnabled: false, pageLoadStrategy: normal, platform: WINDOWS, platformName: WINDOWS, proxy: Proxy(), setWindowRect: true, strictFileInteractability: false, timeouts: {implicit: 0, pageLoad: 300000, script: 30000}, unhandledPromptBehavior: dismiss and notify, webauthn:extension:credBlob: true, webauthn:extension:largeBlob: true, webauthn:virtualAuthenticators: true}
Session ID: 93a3b7063ebe52712da6d95e09ecc288
*** Element info: {Using=css selector, value=input[id=&amp;apos;loginusername&amp;apos;]}">
      <![CDATA[org.openqa.selenium.UnhandledAlertException: unexpected alert open: {Alert text : User does not exist.}
  (Session info: chrome=99.0.4844.74): User does not exist.
Build info: version: '3.10.0', revision: '176b4a9', time: '2018-03-02T19:03:16.397Z'
System info: host: 'DESKTOP-EC1SC6K', ip: '192.168.43.189', os.name: 'Windows 10', os.arch: 'amd64', os.version: '10.0', java.version: '17.0.1'
Driver info: org.openqa.selenium.chrome.ChromeDriver
Capabilities {acceptInsecureCerts: false, browserName: chrome, browserVersion: 99.0.4844.74, chrome: {chromedriverVersion: 99.0.4844.51 (d537ec02474b5..., userDataDir: C:\Users\SBSC\AppData\Local...}, goog:chromeOptions: {debuggerAddress: localhost:56513}, javascriptEnabled: true, networkConnectionEnabled: false, pageLoadStrategy: normal, platform: WINDOWS, platformName: WINDOWS, proxy: Proxy(), setWindowRect: true, strictFileInteractability: false, timeouts: {implicit: 0, pageLoad: 300000, script: 30000}, unhandledPromptBehavior: dismiss and notify, webauthn:extension:credBlob: true, webauthn:extension:largeBlob: true, webauthn:virtualAuthenticators: true}
Session ID: 93a3b7063ebe52712da6d95e09ecc288
*** Element info: {Using=css selector, value=input[id='loginusername']}
at org.openqa.selenium.remote.http.W3CHttpResponseCodec.decode(W3CHttpResponseCodec.java:120)
at org.openqa.selenium.remote.http.W3CHttpResponseCodec.decode(W3CHttpResponseCodec.java:49)
at org.openqa.selenium.remote.HttpCommandExecutor.execute(HttpCommandExecutor.java:160)
at org.openqa.selenium.remote.service.DriverCommandExecutor.execute(DriverCommandExecutor.java:83)
at org.openqa.selenium.remote.RemoteWebDriver.execute(RemoteWebDriver.java:601)
at org.openqa.selenium.remote.RemoteWebDriver.findElement(RemoteWebDriver.java:371)
at org.openqa.selenium.remote.RemoteWebDriver.findElementByCssSelector(RemoteWebDriver.java:465)
at org.openqa.selenium.By$ByCssSelector.findElement(By.java:430)
at org.openqa.selenium.remote.RemoteWebDriver.findElement(RemoteWebDriver.java:363)
at pageObjects.LoginPage.LoginUsername(LoginPage.java:21)
at demoblaze.LoginTest.ValidLogin(LoginTest.java:34)
at java.base/java.util.ArrayList.forEach(ArrayList.java:1511)
... Removed 27 stack frames]]>
    </failure>
  </testcase> <!-- ValidLogin -->
  <testcase classname="demoblaze.ShoppingCartTest" name="DeleteProduct" time="13.935"/>
  <testcase classname="demoblaze.ProductDetailTest" name="AddToCart" time="1.2"/>
  <testcase classname="demoblaze.HomeTest" name="NavigateToLaptopCat" time="0.294"/>
  <testcase classname="demoblaze.HomeTest" name="NavigateToMonitorCat" time="0.197"/>
  <testcase classname="demoblaze.CheckoutTest" name="CheckOut" time="2.236"/>
</testsuite> <!-- Test -->
