<!DOCTYPE html PUBLIC "-//W3C//DTD XHTML 1.1//EN" "https://www.w3.org/TR/xhtml11/DTD/xhtml11.dtd">
<html xmlns="https://www.w3.org/1999/xhtml">
<head>
<meta http-equiv="content-type" content="text/html; charset=UTF-8"/>
<title>TestNG Report</title>
<style type="text/css">table {margin-bottom:10px;border-collapse:collapse;empty-cells:show}th,td {border:1px solid #009;padding:.25em .5em}th {vertical-align:bottom}td {vertical-align:top}table a {font-weight:bold}.stripe td {background-color: #E6EBF9}.num {text-align:right}.passedodd td {background-color: #3F3}.passedeven td {background-color: #0A0}.skippedodd td {background-color: #DDD}.skippedeven td {background-color: #CCC}.failedodd td,.attn {background-color: #F33}.failedeven td,.stripe .attn {background-color: #D00}.stacktrace {white-space:pre;font-family:monospace}.totop {font-size:85%;text-align:center;border-bottom:2px solid #000}.invisible {display:none}</style>
</head>
<body>
<table>
<tr><th>Test</th><th># Passed</th><th># Skipped</th><th># Retried</th><th># Failed</th><th>Time (ms)</th><th>Included Groups</th><th>Excluded Groups</th></tr>
<tr><th colspan="8">Suite</th></tr>
<tr><td><a href="#t0">Test</a></td><td class="num">10</td><td class="num">0</td><td class="num">0</td><td class="num attn">1</td><td class="num">65,779</td><td></td><td></td></tr>
</table>
<table id='summary'><thead><tr><th>Class</th><th>Method</th><th>Start</th><th>Time (ms)</th></tr></thead><tbody><tr><th colspan="4">Suite</th></tr></tbody><tbody id="t0"><tr><th colspan="4">Test &#8212; failed (configuration methods)</th></tr><tr class="failedeven"><td rowspan="1">demoblaze.AboutUsTest</td><td><a href="#m0">TearDown</a></td><td rowspan="1">1647797134142</td><td rowspan="1">4271</td></tr><tr><th colspan="4">Test &#8212; failed</th></tr><tr class="failedeven"><td rowspan="1">demoblaze.LoginTest</td><td><a href="#m1">ValidLogin</a></td><td rowspan="1">1647797116167</td><td rowspan="1">69</td></tr><tr><th colspan="4">Test &#8212; skipped (configuration methods)</th></tr><tr class="skippedeven"><td rowspan="1">demoblaze.CheckoutTest</td><td><a href="#m2">TearDown</a></td><td rowspan="1">1647797138417</td><td rowspan="1">-1647797138417</td></tr><tr class="skippedodd"><td rowspan="1">demoblaze.ContactTest</td><td><a href="#m3">TearDown</a></td><td rowspan="1">1647797138418</td><td rowspan="1">-1647797138418</td></tr><tr class="skippedeven"><td rowspan="1">demoblaze.HomeTest</td><td><a href="#m4">TearDown</a></td><td rowspan="1">1647797138419</td><td rowspan="1">-1647797138419</td></tr><tr class="skippedodd"><td rowspan="1">demoblaze.LoginTest</td><td><a href="#m5">TearDown</a></td><td rowspan="1">1647797138420</td><td rowspan="1">-1647797138420</td></tr><tr class="skippedeven"><td rowspan="1">demoblaze.ProductDetailTest</td><td><a href="#m6">TearDown</a></td><td rowspan="1">1647797138420</td><td rowspan="1">-1647797138420</td></tr><tr class="skippedodd"><td rowspan="1">demoblaze.ShoppingCartTest</td><td><a href="#m7">TearDown</a></td><td rowspan="1">1647797138421</td><td rowspan="1">-1647797138421</td></tr><tr class="skippedeven"><td rowspan="1">demoblaze.SignUpTest</td><td><a href="#m8">TearDown</a></td><td rowspan="1">1647797138422</td><td rowspan="1">-1647797138422</td></tr><tr><th colspan="4">Test &#8212; passed</th></tr><tr class="passedeven"><td rowspan="1">demoblaze.AboutUsTest</td><td><a href="#m9">PlayVideo</a></td><td rowspan="1">1647797113148</td><td rowspan="1">628</td></tr><tr class="passedodd"><td rowspan="1">demoblaze.CheckoutTest</td><td><a href="#m10">CheckOut</a></td><td rowspan="1">1647797131905</td><td rowspan="1">2236</td></tr><tr class="passedeven"><td rowspan="1">demoblaze.ContactTest</td><td><a href="#m11">ContactUs</a></td><td rowspan="1">1647797112175</td><td rowspan="1">969</td></tr><tr class="passedodd"><td rowspan="2">demoblaze.HomeTest</td><td><a href="#m12">NavigateToLaptopCat</a></td><td rowspan="1">1647797131405</td><td rowspan="1">294</td></tr><tr class="passedodd"><td><a href="#m13">NavigateToMonitorCat</a></td><td rowspan="1">1647797131702</td><td rowspan="1">197</td></tr><tr class="passedeven"><td rowspan="1">demoblaze.LoginTest</td><td><a href="#m14">InvalidLogin</a></td><td rowspan="1">1647797113779</td><td rowspan="1">2385</td></tr><tr class="passedodd"><td rowspan="1">demoblaze.ProductDetailTest</td><td><a href="#m15">AddToCart</a></td><td rowspan="1">1647797130200</td><td rowspan="1">1200</td></tr><tr class="passedeven"><td rowspan="1">demoblaze.ShoppingCartTest</td><td><a href="#m16">DeleteProduct</a></td><td rowspan="1">1647797116261</td><td rowspan="1">13935</td></tr><tr class="passedodd"><td rowspan="2">demoblaze.SignUpTest</td><td><a href="#m17">InvalidSignUp</a></td><td rowspan="1">1647797109634</td><td rowspan="1">1549</td></tr><tr class="passedodd"><td><a href="#m18">ValidSignUp</a></td><td rowspan="1">1647797111195</td><td rowspan="1">963</td></tr></tbody>
</table>
<h2>Test</h2><h3 id="m0">demoblaze.AboutUsTest#TearDown</h3><table class="result"><tr><th>Exception</th></tr><tr><td><div class="stacktrace">org.openqa.selenium.WebDriverException: chrome not reachable
  (Session info: chrome=99.0.4844.74)
Build info: version: &apos;3.10.0&apos;, revision: &apos;176b4a9&apos;, time: &apos;2018-03-02T19:03:16.397Z&apos;
System info: host: &apos;DESKTOP-EC1SC6K&apos;, ip: &apos;192.168.43.189&apos;, os.name: &apos;Windows 10&apos;, os.arch: &apos;amd64&apos;, os.version: &apos;10.0&apos;, java.version: &apos;17.0.1&apos;
Driver info: org.openqa.selenium.chrome.ChromeDriver
Capabilities {acceptInsecureCerts: false, browserName: chrome, browserVersion: 99.0.4844.74, chrome: {chromedriverVersion: 99.0.4844.51 (d537ec02474b5..., userDataDir: C:\Users\SBSC\AppData\Local...}, goog:chromeOptions: {debuggerAddress: localhost:56435}, javascriptEnabled: true, networkConnectionEnabled: false, pageLoadStrategy: normal, platform: WINDOWS, platformName: WINDOWS, proxy: Proxy(), setWindowRect: true, strictFileInteractability: false, timeouts: {implicit: 0, pageLoad: 300000, script: 30000}, unhandledPromptBehavior: dismiss and notify, webauthn:extension:credBlob: true, webauthn:extension:largeBlob: true, webauthn:virtualAuthenticators: true}
Session ID: 3a0ce4b9529d00ed63a552493a9483d5
	at org.openqa.selenium.remote.http.W3CHttpResponseCodec.createException(W3CHttpResponseCodec.java:187)
	at org.openqa.selenium.remote.http.W3CHttpResponseCodec.decode(W3CHttpResponseCodec.java:122)
	at org.openqa.selenium.remote.http.W3CHttpResponseCodec.decode(W3CHttpResponseCodec.java:49)
	at org.openqa.selenium.remote.HttpCommandExecutor.execute(HttpCommandExecutor.java:160)
	at org.openqa.selenium.remote.service.DriverCommandExecutor.execute(DriverCommandExecutor.java:83)
	at org.openqa.selenium.remote.RemoteWebDriver.execute(RemoteWebDriver.java:601)
	at org.openqa.selenium.remote.RemoteWebDriver.execute(RemoteWebDriver.java:658)
	at org.openqa.selenium.remote.RemoteWebDriver.close(RemoteWebDriver.java:487)
	at demoblaze.AboutUsTest.TearDown(AboutUsTest.java:36)
... Removed 29 stack frames</div></td></tr></table><p class="totop"><a href="#summary">back to summary</a></p>
<h3 id="m1">demoblaze.LoginTest#ValidLogin</h3><table class="result"><tr><th>Exception</th></tr><tr><td><div class="stacktrace">org.openqa.selenium.UnhandledAlertException: unexpected alert open: {Alert text : User does not exist.}
  (Session info: chrome=99.0.4844.74): User does not exist.
Build info: version: &apos;3.10.0&apos;, revision: &apos;176b4a9&apos;, time: &apos;2018-03-02T19:03:16.397Z&apos;
System info: host: &apos;DESKTOP-EC1SC6K&apos;, ip: &apos;192.168.43.189&apos;, os.name: &apos;Windows 10&apos;, os.arch: &apos;amd64&apos;, os.version: &apos;10.0&apos;, java.version: &apos;17.0.1&apos;
Driver info: org.openqa.selenium.chrome.ChromeDriver
Capabilities {acceptInsecureCerts: false, browserName: chrome, browserVersion: 99.0.4844.74, chrome: {chromedriverVersion: 99.0.4844.51 (d537ec02474b5..., userDataDir: C:\Users\SBSC\AppData\Local...}, goog:chromeOptions: {debuggerAddress: localhost:56513}, javascriptEnabled: true, networkConnectionEnabled: false, pageLoadStrategy: normal, platform: WINDOWS, platformName: WINDOWS, proxy: Proxy(), setWindowRect: true, strictFileInteractability: false, timeouts: {implicit: 0, pageLoad: 300000, script: 30000}, unhandledPromptBehavior: dismiss and notify, webauthn:extension:credBlob: true, webauthn:extension:largeBlob: true, webauthn:virtualAuthenticators: true}
Session ID: 93a3b7063ebe52712da6d95e09ecc288
*** Element info: {Using=css selector, value=input[id=&apos;loginusername&apos;]}
	at org.openqa.selenium.remote.http.W3CHttpResponseCodec.decode(W3CHttpResponseCodec.java:120)
	at org.openqa.selenium.remote.http.W3CHttpResponseCodec.decode(W3CHttpResponseCodec.java:49)
	at org.openqa.selenium.remote.HttpCommandExecutor.execute(HttpCommandExecutor.java:160)
	at org.openqa.selenium.remote.service.DriverCommandExecutor.execute(DriverCommandExecutor.java:83)
	at org.openqa.selenium.remote.RemoteWebDriver.execute(RemoteWebDriver.java:601)
	at org.openqa.selenium.remote.RemoteWebDriver.findElement(RemoteWebDriver.java:371)
	at org.openqa.selenium.remote.RemoteWebDriver.findElementByCssSelector(RemoteWebDriver.java:465)
	at org.openqa.selenium.By$ByCssSelector.findElement(By.java:430)
	at org.openqa.selenium.remote.RemoteWebDriver.findElement(RemoteWebDriver.java:363)
	at pageObjects.LoginPage.LoginUsername(LoginPage.java:21)
	at demoblaze.LoginTest.ValidLogin(LoginTest.java:34)
	at java.base/java.util.ArrayList.forEach(ArrayList.java:1511)
... Removed 27 stack frames</div></td></tr></table><p class="totop"><a href="#summary">back to summary</a></p>
<h3 id="m2">demoblaze.CheckoutTest#TearDown</h3><table class="result"><tr><th class="invisible"/></tr></table><p class="totop"><a href="#summary">back to summary</a></p>
<h3 id="m3">demoblaze.ContactTest#TearDown</h3><table class="result"><tr><th class="invisible"/></tr></table><p class="totop"><a href="#summary">back to summary</a></p>
<h3 id="m4">demoblaze.HomeTest#TearDown</h3><table class="result"><tr><th class="invisible"/></tr></table><p class="totop"><a href="#summary">back to summary</a></p>
<h3 id="m5">demoblaze.LoginTest#TearDown</h3><table class="result"><tr><th class="invisible"/></tr></table><p class="totop"><a href="#summary">back to summary</a></p>
<h3 id="m6">demoblaze.ProductDetailTest#TearDown</h3><table class="result"><tr><th class="invisible"/></tr></table><p class="totop"><a href="#summary">back to summary</a></p>
<h3 id="m7">demoblaze.ShoppingCartTest#TearDown</h3><table class="result"><tr><th class="invisible"/></tr></table><p class="totop"><a href="#summary">back to summary</a></p>
<h3 id="m8">demoblaze.SignUpTest#TearDown</h3><table class="result"><tr><th class="invisible"/></tr></table><p class="totop"><a href="#summary">back to summary</a></p>
<h3 id="m9">demoblaze.AboutUsTest#PlayVideo</h3><table class="result"><tr><th class="invisible"/></tr></table><p class="totop"><a href="#summary">back to summary</a></p>
<h3 id="m10">demoblaze.CheckoutTest#CheckOut</h3><table class="result"><tr><th class="invisible"/></tr></table><p class="totop"><a href="#summary">back to summary</a></p>
<h3 id="m11">demoblaze.ContactTest#ContactUs</h3><table class="result"><tr><th class="invisible"/></tr></table><p class="totop"><a href="#summary">back to summary</a></p>
<h3 id="m12">demoblaze.HomeTest#NavigateToLaptopCat</h3><table class="result"><tr><th class="invisible"/></tr></table><p class="totop"><a href="#summary">back to summary</a></p>
<h3 id="m13">demoblaze.HomeTest#NavigateToMonitorCat</h3><table class="result"><tr><th class="invisible"/></tr></table><p class="totop"><a href="#summary">back to summary</a></p>
<h3 id="m14">demoblaze.LoginTest#InvalidLogin</h3><table class="result"><tr><th class="invisible"/></tr></table><p class="totop"><a href="#summary">back to summary</a></p>
<h3 id="m15">demoblaze.ProductDetailTest#AddToCart</h3><table class="result"><tr><th class="invisible"/></tr></table><p class="totop"><a href="#summary">back to summary</a></p>
<h3 id="m16">demoblaze.ShoppingCartTest#DeleteProduct</h3><table class="result"><tr><th class="invisible"/></tr></table><p class="totop"><a href="#summary">back to summary</a></p>
<h3 id="m17">demoblaze.SignUpTest#InvalidSignUp</h3><table class="result"><tr><th class="invisible"/></tr></table><p class="totop"><a href="#summary">back to summary</a></p>
<h3 id="m18">demoblaze.SignUpTest#ValidSignUp</h3><table class="result"><tr><th class="invisible"/></tr></table><p class="totop"><a href="#summary">back to summary</a></p>
</body>
</html>
